<?xml version="1.0" encoding="UTF-8"?>
<!-- Generated by org.testng.reporters.JUnitReportReporter -->
<testsuite hostname="DESKTOP-0FLDJ3N" failures="0" tests="1" name="driverFactory.AppTest" time="49.739" errors="0" timestamp="2024-01-30T16:09:04 IST" skipped="0">
  <testcase classname="driverFactory.AppTest" name="KickStart" time="49.739">
    <system-out>
      <![CDATA[Stock-000000315   Stock-000000315
Supplier-00000001183   Supplier-00000001183]]>
    </system-out>
  </testcase> <!-- KickStart -->
  <system-out>
    <![CDATA[Stock-000000315   Stock-000000315
Supplier-00000001183   Supplier-00000001183]]>
  </system-out>
</testsuite> <!-- driverFactory.AppTest -->
